<?xml version="1.0" encoding="UTF-8"?>
<!-- Generated by org.testng.reporters.JUnitReportReporter -->
<testsuite hostname="Mypc" name="TestNG.userregTest" tests="1" failures="0" timestamp="3 Oct 2016 06:20:04 GMT" time="9.826" errors="0">
  <testcase name="userreg" time="9.826" classname="TestNG.userregTest"/>
</testsuite> <!-- TestNG.userregTest -->
