<?xml version="1.0" encoding="UTF-8"?>
<!-- Generated by org.testng.reporters.JUnitReportReporter -->
<testsuite hostname="Mypc" name="TestNG.BasicAnnotations" tests="3" failures="0" timestamp="3 Oct 2016 05:37:59 GMT" time="0.059" errors="0">
  <testcase name="setup" time="0.009" classname="TestNG.BasicAnnotations"/>
  <testcase name="test1" time="0.017" classname="TestNG.BasicAnnotations"/>
  <testcase name="test2" time="0.033" classname="TestNG.BasicAnnotations"/>
</testsuite> <!-- TestNG.BasicAnnotations -->
