<?xml version="1.0" encoding="UTF-8"?>
<!-- Generated by org.testng.reporters.JUnitReportReporter -->
<testsuite hostname="Mypc" name="TestNG.EmpRegTest" tests="1" failures="0" timestamp="3 Oct 2016 06:20:03 GMT" time="7.261" errors="0">
  <testcase name="org_Empreg" time="7.261" classname="TestNG.EmpRegTest"/>
</testsuite> <!-- TestNG.EmpRegTest -->
