<?xml version="1.0" encoding="UTF-8"?>
<!-- Generated by org.testng.reporters.JUnitReportReporter -->
<testsuite hostname="Mypc" name="POM.loginTC" tests="1" failures="0" timestamp="5 Oct 2016 05:41:27 GMT" time="29.593" errors="0">
  <testcase name="logTest" time="29.593" classname="POM.loginTC"/>
</testsuite> <!-- POM.loginTC -->
